\BOOKMARK [0][-]{chapter*.1}{\376\377\144\130\211\201}{}% 1
\BOOKMARK [0][-]{chapter*.2}{\376\377\000A\000b\000s\000t\000r\000a\000c\000t}{}% 2
\BOOKMARK [0][-]{chapter*.4}{\376\377\143\322\126\376\175\042\137\025}{}% 3
\BOOKMARK [0][-]{chapter*.5}{\376\377\210\150\150\074\175\042\137\025}{}% 4
\BOOKMARK [0][-]{chapter.1}{\376\377\173\054\116\000\172\340\000\040\000\040\176\352\213\272}{}% 5
\BOOKMARK [1][-]{section.1.1}{\376\377\0001\000.\0001\000\040\170\024\172\166\200\314\146\157\123\312\141\017\116\111\000\040}{chapter.1}% 6
\BOOKMARK [1][-]{section.1.2}{\376\377\0001\000.\0002\000\040\154\064\116\013\147\072\126\150\116\272\174\373\176\337\136\372\152\041\170\024\172\166\163\260\162\266\000\040}{chapter.1}% 7
\BOOKMARK [2][-]{subsection.1.2.1}{\376\377\0001\000.\0002\000.\0001\000\040\154\064\116\013\147\072\126\150\116\272\166\204\122\250\122\233\133\146\217\320\122\250\133\146\136\372\152\041\000\040}{section.1.2}% 8
\BOOKMARK [2][-]{subsection.1.2.2}{\376\377\0001\000.\0002\000.\0002\000\040\145\160\143\156\232\161\122\250\166\204\174\373\176\337\136\372\152\041\000\040}{section.1.2}% 9
\BOOKMARK [1][-]{section.1.3}{\376\377\0001\000.\0003\000\040\227\136\176\277\140\047\201\352\220\002\136\224\143\247\122\066\163\260\162\266\000\040\116\016\154\064\116\013\147\072\126\150\116\272\143\247\122\066\162\171\140\047\000\040}{chapter.1}% 10
\BOOKMARK [2][-]{subsection.1.3.1}{\376\377\0001\000.\0003\000.\0001\000\040\234\201\150\322\201\352\220\002\136\224\143\247\122\066\166\204\170\024\172\166\217\333\134\125\000\040}{section.1.3}% 11
\BOOKMARK [2][-]{subsection.1.3.2}{\376\377\0001\000.\0003\000.\0002\000\040\232\161\122\250\126\150\231\161\124\214\210\145\120\177\225\356\230\230\166\204\170\024\172\166\217\333\134\125\000\040}{section.1.3}% 12
\BOOKMARK [1][-]{section.1.4}{\376\377\0001\000.\0004\000\040\147\054\145\207\116\073\211\201\170\024\172\166\121\205\133\271\000\040\116\016\142\337\211\343\121\263\166\204\121\163\225\056\225\356\230\230\000\040}{chapter.1}% 13
\BOOKMARK [2][-]{subsection.1.4.1}{\376\377\0001\000.\0004\000.\0001\000\040\147\054\145\207\166\204\116\073\211\201\170\024\172\166\121\205\133\271\000\040}{section.1.4}% 14
\BOOKMARK [2][-]{subsection.1.4.2}{\376\377\0001\000.\0004\000.\0002\000\040\142\337\211\343\121\263\166\204\121\163\225\056\140\047\225\356\230\230\000\040}{section.1.4}% 15
\BOOKMARK [2][-]{subsection.1.4.3}{\376\377\0001\000.\0004\000.\0003\000\040\147\054\145\207\166\204\170\024\172\166\215\357\176\277\126\376\000\040}{section.1.4}% 16
\BOOKMARK [1][-]{section.1.5}{\376\377\0001\000.\0005\000\040\147\054\172\340\134\017\176\323\000\040}{chapter.1}% 17
\BOOKMARK [0][-]{chapter.2}{\376\377\173\054\116\214\172\340\000\040\000\040\154\064\116\013\147\072\126\150\116\272\174\373\176\337\152\041\127\213\000\040}{}% 18
\BOOKMARK [1][-]{section.2.1}{\376\377\0002\000.\0001\000\040\137\025\212\000}{chapter.2}% 19
\BOOKMARK [1][-]{section.2.2}{\376\377\0002\000.\0002\000\040\217\320\122\250\174\373\176\337\145\160\133\146\143\317\217\360\000\040}{chapter.2}% 20
\BOOKMARK [2][-]{subsection.2.2.1}{\376\377\0002\000.\0002\000.\0001\000\040\154\064\116\013\147\072\126\150\116\272\166\204\217\320\122\250\133\146\000\040}{section.2.2}% 21
\BOOKMARK [2][-]{subsection.2.2.2}{\376\377\0002\000.\0002\000.\0002\000\040\154\064\116\013\147\072\126\150\116\272\166\204\122\250\122\233\133\146\152\041\127\213\000\040}{section.2.2}% 22
\BOOKMARK [2][-]{subsection.2.2.3}{\376\377\0002\000.\0002\000.\0003\000\040\116\015\124\014\174\173\127\213\166\204\154\064\116\013\147\072\126\150\116\272\152\041\127\213\000\040}{section.2.2}% 23
\BOOKMARK [1][-]{section.2.3}{\376\377\0002\000.\0003\000\040\143\250\217\333\126\150\136\003\177\156\116\016\143\250\122\233\143\247\122\066\124\021\221\317\000\040}{chapter.2}% 24
\BOOKMARK [2][-]{subsection.2.3.1}{\376\377\0002\000.\0003\000.\0001\000\040\143\250\217\333\126\150\136\003\177\156\000\040}{section.2.3}% 25
\BOOKMARK [2][-]{subsection.2.3.2}{\376\377\0002\000.\0003\000.\0002\000\040\143\250\122\233\143\247\122\066\124\021\221\317\000\040}{section.2.3}% 26
\BOOKMARK [1][-]{section.2.4}{\376\377\0002\000.\0004\000\040\147\054\172\340\134\017\176\323\000\040}{chapter.2}% 27
\BOOKMARK [0][-]{chapter.3}{\376\377\173\054\116\011\172\340\000\040\000\040\154\064\116\013\147\072\126\150\116\272\145\160\133\146\152\041\127\213\143\242\175\042\116\016\174\373\145\160\217\250\213\306\000\040}{}% 28
\BOOKMARK [1][-]{section.3.1}{\376\377\0003\000.\0001\000\040\137\025\212\000}{chapter.3}% 29
\BOOKMARK [1][-]{section.3.2}{\376\377\0003\000.\0002\000\040\154\064\116\013\147\072\126\150\116\272\152\041\127\213\143\242\175\042\116\016\217\250\213\306\000\040}{chapter.3}% 30
\BOOKMARK [2][-]{subsection.3.2.1}{\376\377\0003\000.\0002\000.\0001\000\040\174\373\176\337\152\041\127\213\166\204\176\323\147\204\060\001\123\302\145\160\116\016\174\373\176\337\136\372\152\041}{section.3.2}% 31
\BOOKMARK [2][-]{subsection.3.2.2}{\376\377\0003\000.\0002\000.\0002\000\040\127\372\116\216\000L\000e\000v\000e\000n\000b\000e\000r\000g\000-\000M\000a\000r\000q\000u\000a\000r\000d\000t\145\271\154\325\166\204\123\302\145\160\217\250\213\306\000\040}{section.3.2}% 32
\BOOKMARK [2][-]{subsection.3.2.3}{\376\377\0003\000.\0002\000.\0003\000\040\127\372\116\216\220\127\117\040\173\227\154\325\166\204\123\302\145\160\217\250\213\306\000\040}{section.3.2}% 33
\BOOKMARK [2][-]{subsection.3.2.4}{\376\377\0003\000.\0002\000.\0004\000\040\127\372\116\216\173\046\123\367\126\336\137\122\142\200\147\057\166\204\154\064\116\013\147\072\126\150\116\272\152\041\127\213\143\242\175\042\000\040}{section.3.2}% 34
\BOOKMARK [2][-]{subsection.3.2.5}{\376\377\0003\000.\0002\000.\0005\000\040\176\323\147\234\116\016\122\006\147\220\000\040}{section.3.2}% 35
\BOOKMARK [1][-]{section.3.3}{\376\377\0003\000.\0003\000\040\154\064\155\101\163\257\130\203\213\306\122\053\000\040}{chapter.3}% 36
\BOOKMARK [2][-]{subsection.3.3.1}{\376\377\0003\000.\0003\000.\0001\000\040\234\174\174\173\117\247\176\277\141\037\167\345\174\373\176\337\000\040}{section.3.3}% 37
\BOOKMARK [2][-]{subsection.3.3.2}{\376\377\0003\000.\0003\000.\0002\000\040\127\372\116\216\145\057\143\001\124\021\221\317\147\072\166\204\154\064\116\013\147\072\126\150\116\272\154\064\155\101\163\257\130\203\217\250\213\306\000\040}{section.3.3}% 38
\BOOKMARK [2][-]{subsection.3.3.3}{\376\377\0003\000.\0003\000.\0003\000\040\176\323\147\234\116\016\122\006\147\220\000\040}{section.3.3}% 39
\BOOKMARK [1][-]{section.3.4}{\376\377\0003\000.\0004\000\040\147\054\172\340\134\017\176\323\000\040}{chapter.3}% 40
\BOOKMARK [0][-]{chapter.4}{\376\377\173\054\126\333\172\340\000\040\000\040\143\247\122\066\133\374\124\021\166\204\154\064\116\013\147\072\126\150\116\272\152\041\127\213\136\372\172\313}{}% 41
\BOOKMARK [1][-]{section.4.1}{\376\377\0004\000.\0001\000\040\137\025\212\000\000\040}{chapter.4}% 42
\BOOKMARK [1][-]{section.4.2}{\376\377\0004\000.\0002\000\040\227\136\122\035\173\111\121\340\117\125\131\026\137\142\166\204\154\064\116\013\147\072\126\150\116\272\152\041\127\213\136\372\172\313}{chapter.4}% 43
\BOOKMARK [2][-]{subsection.4.2.1}{\376\377\0004\000.\0002\000.\0001\000\040\176\317\232\214\154\325}{section.4.2}% 44
\BOOKMARK [2][-]{subsection.4.2.2}{\376\377\0004\000.\0002\000.\0002\000\040\127\372\116\216\000C\000F\000D\166\204\145\160\120\074\213\241\173\227\154\325}{section.4.2}% 45
\BOOKMARK [2][-]{subsection.4.2.3}{\376\377\0004\000.\0002\000.\0003\000\040\176\323\147\234\116\016\122\006\147\220\000\040}{section.4.2}% 46
\BOOKMARK [1][-]{section.4.3}{\376\377\0004\000.\0003\000\040\127\372\116\216\154\360\122\322\121\154\137\017\173\200\123\026\166\204\154\064\116\013\147\072\126\150\116\272\152\041\127\213\136\372\172\313\000\040}{chapter.4}% 47
\BOOKMARK [1][-]{section.4.4}{\376\377\0004\000.\0004\000\040\147\054\172\340\134\017\176\323\000\040}{chapter.4}% 48
\BOOKMARK [0][-]{chapter.5}{\376\377\173\054\116\224\172\340\000\040\000\040\154\064\116\013\147\072\126\150\116\272\166\204\234\201\150\322\201\352\220\002\136\224\143\247\122\066}{}% 49
\BOOKMARK [1][-]{section.5.1}{\376\377\0005\000.\0001\000\040\137\025\212\000\000\040}{chapter.5}% 50
\BOOKMARK [1][-]{section.5.2}{\376\377\0005\000.\0002\000\040\154\064\116\013\147\072\126\150\116\272\166\204\174\373\176\337\143\247\122\066\162\171\140\047\000\040}{chapter.5}% 51
\BOOKMARK [2][-]{subsection.5.2.1}{\376\377\0005\000.\0002\000.\0001\000\040\154\064\116\013\147\072\126\150\116\272\166\204\174\373\176\337\227\136\176\277\140\047\000\040}{section.5.2}% 52
\BOOKMARK [2][-]{subsection.5.2.2}{\376\377\0005\000.\0002\000.\0002\000\040\154\064\116\013\147\072\126\150\116\272\152\041\127\213\116\015\170\156\133\232\140\047\000\040}{section.5.2}% 53
\BOOKMARK [1][-]{section.5.3}{\376\377\0005\000.\0003\000\040\234\201\150\322\201\352\220\002\136\224\143\247\122\066\150\106\147\266\000\040}{chapter.5}% 54
\BOOKMARK [2][-]{subsection.5.3.1}{\376\377\0005\000.\0003\000.\0001\000\040\000L\000y\000a\000p\000u\000n\000o\000v\172\063\133\232\140\047\000\040}{section.5.3}% 55
\BOOKMARK [2][-]{subsection.5.3.2}{\376\377\0005\000.\0003\000.\0002\000\040\162\266\140\001\152\041\127\213\123\302\200\003\201\352\220\002\136\224\143\247\122\066\000\040}{section.5.3}% 56
\BOOKMARK [2][-]{subsection.5.3.3}{\376\377\0005\000.\0003\000.\0003\000\040\201\352\220\002\136\224\143\247\122\066\166\204\116\015\172\063\133\232\225\356\230\230\000\040}{section.5.3}% 57
\BOOKMARK [1][-]{section.5.4}{\376\377\0005\000.\0004\000\040\234\201\150\322\152\041\127\213\123\302\200\003\201\352\220\002\136\224\143\247\122\066\000\040}{chapter.5}% 58
\BOOKMARK [2][-]{subsection.5.4.1}{\376\377\0005\000.\0004\000.\0001\000\040\127\372\116\216\134\004\137\161\164\006\213\272\166\204\152\041\127\213\123\302\200\003\201\352\220\002\136\224\143\247\122\066\000\040}{section.5.4}% 59
\BOOKMARK [2][-]{subsection.5.4.2}{\376\377\0005\000.\0004\000.\0002\000\040\000L\0001\201\352\220\002\136\224\143\247\122\066\000\040}{section.5.4}% 60
\BOOKMARK [2][-]{subsection.5.4.3}{\376\377\0005\000.\0004\000.\0003\000\040\154\064\116\013\147\072\126\150\116\272\117\357\116\360\143\247\122\066\133\236\232\214\000\040}{section.5.4}% 61
\BOOKMARK [1][-]{section.5.5}{\376\377\0005\000.\0005\000\040\147\054\172\340\134\017\176\323\000\040}{chapter.5}% 62
\BOOKMARK [0][-]{chapter.6}{\376\377\173\054\121\155\172\340\000\040\000\040\154\064\116\013\147\072\126\150\116\272\166\204\232\161\122\250\210\145\120\177\143\247\122\066\000\040}{}% 63
\BOOKMARK [1][-]{section.6.1}{\376\377\0006\000.\0001\000\040\137\025\212\000\000\040}{chapter.6}% 64
\BOOKMARK [1][-]{section.6.2}{\376\377\0006\000.\0002\000\040\154\064\116\013\147\072\126\150\116\272\166\204\232\161\122\250\126\150\227\136\176\277\140\047\000\040}{chapter.6}% 65
\BOOKMARK [2][-]{subsection.6.2.1}{\376\377\0006\000.\0002\000.\0001\000\040\217\223\121\145\226\010\120\074\000\040}{section.6.2}% 66
\BOOKMARK [2][-]{subsection.6.2.2}{\376\377\0006\000.\0002\000.\0002\000\040\153\173\123\072\000\040}{section.6.2}% 67
\BOOKMARK [2][-]{subsection.6.2.3}{\376\377\0006\000.\0002\000.\0003\000\040\145\366\225\364\136\366\217\337\000\040}{section.6.2}% 68
\BOOKMARK [1][-]{section.6.3}{\376\377\0006\000.\0003\000\040\163\260\116\343\210\145\120\177\126\150}{chapter.6}% 69
\BOOKMARK [2][-]{subsection.6.3.1}{\376\377\0006\000.\0003\000.\0001\000\040\127\372\147\054\166\204\142\227\231\161\124\214\150\106\147\266\000\040}{section.6.3}% 70
\BOOKMARK [2][-]{subsection.6.3.2}{\376\377\0006\000.\0003\000.\0002\000\040\127\372\116\216\000R\000i\000c\000c\000a\000t\000i\145\271\172\013\166\204\142\227\231\161\124\214\210\145\120\177\126\150\000\040}{section.6.3}% 71
\BOOKMARK [1][-]{section.6.4}{\376\377\0006\000.\0004\000\040\136\046\147\011\232\161\122\250\210\145\120\177\166\204\234\201\150\322\201\352\220\002\136\224\143\247\122\066\000\040}{chapter.6}% 72
\BOOKMARK [2][-]{subsection.6.4.1}{\376\377\0006\000.\0004\000.\0001\000\040\136\046\147\011\210\145\120\177\126\150\166\204\152\041\127\213\123\302\200\003\201\352\220\002\136\224\143\247\122\066\000\040}{section.6.4}% 73
\BOOKMARK [2][-]{subsection.6.4.2}{\376\377\0006\000.\0004\000.\0002\000\040\136\046\147\011\210\145\120\177\126\150\166\204\000L\0001\201\352\220\002\136\224\143\247\122\066\000\040}{section.6.4}% 74
\BOOKMARK [2][-]{subsection.6.4.3}{\376\377\0006\000.\0004\000.\0003\000\040\131\377\140\001\143\247\122\066\133\236\232\214\000\040}{section.6.4}% 75
\BOOKMARK [1][-]{section.6.5}{\376\377\0006\000.\0005\000\040\147\054\172\340\134\017\176\323\000\040}{chapter.6}% 76
\BOOKMARK [0][-]{chapter.7}{\376\377\173\054\116\003\172\340\000\040\000\040\140\073\176\323\116\016\134\125\147\033}{}% 77
\BOOKMARK [1][-]{section.7.1}{\376\377\0007\000.\0001\000\040\121\150\145\207\140\073\176\323}{chapter.7}% 78
\BOOKMARK [1][-]{section.7.2}{\376\377\0007\000.\0002\000\040\213\272\145\207\122\033\145\260\160\271}{chapter.7}% 79
\BOOKMARK [1][-]{section.7.3}{\376\377\0007\000.\0003\000\040\134\125\147\033}{chapter.7}% 80
\BOOKMARK [0][-]{appendix.A}{\376\377\226\104\137\125\000\040\000A\000\040\000\040\147\011\121\163\145\160\133\146\127\372\170\100\000\040}{}% 81
\BOOKMARK [0][-]{appendix*.96}{\376\377\123\302\200\003\145\207\163\056}{}% 82
\BOOKMARK [0][-]{appendix*.97}{\376\377\201\364\000\040\000\040\000\040\000\040\214\042}{}% 83
\BOOKMARK [0][-]{appendix*.98}{\376\377\145\073\213\373\133\146\117\115\147\037\225\364\123\321\210\150\166\204\133\146\147\057\213\272\145\207}{}% 84
